<?xml version="1.0" encoding="UTF-8"?>
<!-- Generated by org.testng.reporters.JUnitReportReporter -->
<testsuite skipped="0" hostname="LAPTOP-32VKAIFG" name="org.testng.CompareOnline" tests="1" failures="0" timestamp="20 Apr 2022 09:14:46 GMT" time="183.313" errors="0">
  <testcase name="comparing" time="183.313" classname="org.testng.CompareOnline"/>
</testsuite> <!-- org.testng.CompareOnline -->
